Arguments: 
  /usr/bin/node /usr/share/yarn/bin/yarn.js i -g webpack

PATH: 
  /home/peter/bin:/home/peter/.local/bin:/usr/local/sbin:/usr/local/bin:/usr/sbin:/usr/bin:/sbin:/bin:/usr/games:/usr/local/games

Yarn version: 
  1.5.1

Node version: 
  8.10.0

Platform: 
  linux x64

npm manifest: 
  {
    "name": "iron-gauntlet",
    "version": "0.0.1",
    "dependencies": {
      "choo": "^6.6.1",
      "express": "^4.15.4",
      "lodash-fp": "^0.10.4",
      "nanocomponent": "^6.5.0",
      "npm": "^5.7.1",
      "socketio": "^1.0.0",
      "tinycolor2": "^1.4.1",
      "uuid": "^3.2.1"
    },
    "devDependencies": {
      "babel": "^6.5.2",
      "babel-cli": "^6.9.0",
      "babel-core": "^6.24.1",
      "babel-loader": "*",
      "babel-preset-es2015": "^6.24.1",
      "npm-run-all": "^4.1.2",
      "webpack": "^3.10.0",
      "webpack-dev-server": "^2.4.2"
    },
    "scripts": {
      "start": "run-p build serve",
      "build": "webpack --watch",
      "serve": "node server.js"
    }
  }

yarn manifest: 
  No manifest

Lockfile: 
  No lockfile

Trace: 
  Error: Command "i" not found.
      at new MessageError (/usr/share/yarn/lib/cli.js:186:110)
      at /usr/share/yarn/lib/cli.js:87307:17
      at Generator.next (<anonymous>)
      at step (/usr/share/yarn/lib/cli.js:98:30)
      at /usr/share/yarn/lib/cli.js:116:14
      at new Promise (<anonymous>)
      at new F (/usr/share/yarn/lib/cli.js:23451:28)
      at /usr/share/yarn/lib/cli.js:95:12
      at runCommand (/usr/share/yarn/lib/cli.js:87312:22)
      at Object.<anonymous> (/usr/share/yarn/lib/cli.js:87412:14)
